Using pre-set license
Built from '2020.3/staging' branch; Version is '2020.3.11f1 (99c7afb366b3) revision 10078127'; Using compiler version '192528614'; Build Type 'Release'
OS: 'Windows 10 Pro; OS build 17134.648; Version 1803; 64bit' Language: 'ru' Physical Memory: 16342 MB
BatchMode: 1, IsHumanControllingUs: 0, StartBugReporterOnCrash: 0, Is64bit: 1, IsPro: 0

 COMMAND LINE ARGUMENTS:
C:\Program Files\Unity\Hub\Editor\2020.3.11f1\Editor\Unity.exe
-adb2
-batchMode
-noUpm
-name
AssetImportWorker0
-projectPath
D:/Workspace/Unity Projects/English Gym Kids/Sorting Robots/UNITY BASE
-logFile
Logs/AssetImportWorker0.log
-srvPort
51583
Successfully changed project path to: D:/Workspace/Unity Projects/English Gym Kids/Sorting Robots/UNITY BASE
D:/Workspace/Unity Projects/English Gym Kids/Sorting Robots/UNITY BASE
Using Asset Import Pipeline V2.
Refreshing native plugins compatible for Editor in 47.62 ms, found 3 plugins.
Preloading 0 native plugins for Editor in 0.00 ms.
Initialize engine version: 2020.3.11f1 (99c7afb366b3)
[Subsystems] Discovering subsystems at path C:/Program Files/Unity/Hub/Editor/2020.3.11f1/Editor/Data/Resources/UnitySubsystems
[Subsystems] Discovering subsystems at path D:/Workspace/Unity Projects/English Gym Kids/Sorting Robots/UNITY BASE/Assets
GfxDevice: creating device client; threaded=0
Direct3D:
    Version:  Direct3D 11.0 [level 11.1]
    Renderer: NVIDIA GeForce GTX 1050 (ID=0x1c81)
    Vendor:   
    VRAM:     1977 MB
    Driver:   25.21.14.1881
Initialize mono
Mono path[0] = 'C:/Program Files/Unity/Hub/Editor/2020.3.11f1/Editor/Data/Managed'
Mono path[1] = 'C:/Program Files/Unity/Hub/Editor/2020.3.11f1/Editor/Data/MonoBleedingEdge/lib/mono/unityjit'
Mono config path = 'C:/Program Files/Unity/Hub/Editor/2020.3.11f1/Editor/Data/MonoBleedingEdge/etc'
Using monoOptions --debugger-agent=transport=dt_socket,embedding=1,server=y,suspend=n,address=127.0.0.1:56680
Begin MonoManager ReloadAssembly
Registering precompiled unity dll's ...
Register platform support module: C:/Program Files/Unity/Hub/Editor/2020.3.11f1/Editor/Data/PlaybackEngines/WindowsStandaloneSupport/UnityEditor.WindowsStandalone.Extensions.dll
Registered in 0.002010 seconds.
Native extension for WindowsStandalone target not found
Refreshing native plugins compatible for Editor in 44.30 ms, found 3 plugins.
Preloading 0 native plugins for Editor in 0.00 ms.
Mono: successfully reloaded assembly
- Completed reload, in  1.021 seconds
Platform modules already initialized, skipping
Registering precompiled user dll's ...
Registered in 0.004153 seconds.
Begin MonoManager ReloadAssembly
Native extension for WindowsStandalone target not found
Refreshing native plugins compatible for Editor in 42.24 ms, found 3 plugins.
Preloading 0 native plugins for Editor in 0.00 ms.
Mono: successfully reloaded assembly
- Completed reload, in  1.126 seconds
Platform modules already initialized, skipping
========================================================================
Worker process is ready to serve import requests
Launched and connected shader compiler UnityShaderCompiler.exe after 0.03 seconds
Refreshing native plugins compatible for Editor in 0.47 ms, found 3 plugins.
Preloading 0 native plugins for Editor in 0.00 ms.
Unloading 2281 Unused Serialized files (Serialized files now loaded: 0)
System memory in use before: 108.5 MB.
System memory in use after: 107.2 MB.

Unloading 50 unused Assets to reduce memory usage. Loaded Objects now: 2703.
Total: 3.444045 ms (FindLiveObjects: 0.233130 ms CreateObjectMapping: 0.114688 ms MarkObjects: 2.020005 ms  DeleteObjects: 1.075539 ms)

========================================================================
Received Import Request.
  path: Assets/INTERNAL ASSETS/Scenes
  artifactKey: Guid(387eba67880c444408db615f724a5425) Importer(815301076,1909f56bfc062723c751e8b465ee728b)
Start importing Assets/INTERNAL ASSETS/Scenes using Guid(387eba67880c444408db615f724a5425) Importer(815301076,1909f56bfc062723c751e8b465ee728b)  -> (artifact id: '821ec808fdfddcd0bd14006548258ae7') in 0.003775 seconds
  Import took 0.006954 seconds .

========================================================================
Received Import Request.
  Time since last request: 7.951421 seconds.
  path: Assets/INTERNAL ASSETS/Scenes/Start.unity
  artifactKey: Guid(72ccdbaf4cea5104da712eb859b3eb44) Importer(815301076,1909f56bfc062723c751e8b465ee728b)
Start importing Assets/INTERNAL ASSETS/Scenes/Start.unity using Guid(72ccdbaf4cea5104da712eb859b3eb44) Importer(815301076,1909f56bfc062723c751e8b465ee728b)  -> (artifact id: '9fdfb615a58821ea2adab42591ea56a3') in 0.013161 seconds
  Import took 0.016819 seconds .

========================================================================
Received Import Request.
  Time since last request: 4.845797 seconds.
  path: Assets/INTERNAL ASSETS/Scenes/SampleScene.unity
  artifactKey: Guid(2cda990e2423bbf4892e6590ba056729) Importer(815301076,1909f56bfc062723c751e8b465ee728b)
Start importing Assets/INTERNAL ASSETS/Scenes/SampleScene.unity using Guid(2cda990e2423bbf4892e6590ba056729) Importer(815301076,1909f56bfc062723c751e8b465ee728b)  -> (artifact id: '366a4ac8f53d3e2dfbc20421e72262f0') in 0.001634 seconds
  Import took 0.005813 seconds .

========================================================================
Received Import Request.
  Time since last request: 56.118934 seconds.
  path: Assets/INTERNAL ASSETS/Scenes/SampleScene.unity
  artifactKey: Guid(2cda990e2423bbf4892e6590ba056729) Importer(815301076,1909f56bfc062723c751e8b465ee728b)
Start importing Assets/INTERNAL ASSETS/Scenes/SampleScene.unity using Guid(2cda990e2423bbf4892e6590ba056729) Importer(815301076,1909f56bfc062723c751e8b465ee728b)  -> (artifact id: '89d13863f71c2f82f2620ea7af4c51e0') in 0.001727 seconds
  Import took 0.005883 seconds .

========================================================================
Received Prepare
Registering precompiled user dll's ...
Registered in 0.003934 seconds.
Begin MonoManager ReloadAssembly
Native extension for WindowsStandalone target not found
Refreshing native plugins compatible for Editor in 1.57 ms, found 3 plugins.
Preloading 0 native plugins for Editor in 0.00 ms.
Mono: successfully reloaded assembly
- Completed reload, in  1.126 seconds
Platform modules already initialized, skipping
Switching build target platform(19) subTarget(0) extendedPlatform(0) -> platform(13) subTarget(537395200) extendedPlatform(0)
Refreshing native plugins compatible for Editor in 0.47 ms, found 3 plugins.
Preloading 0 native plugins for Editor in 0.00 ms.
Unloading 2245 Unused Serialized files (Serialized files now loaded: 0)
System memory in use before: 104.4 MB.
System memory in use after: 103.1 MB.

Unloading 38 unused Assets to reduce memory usage. Loaded Objects now: 2707.
Total: 3.920545 ms (FindLiveObjects: 0.224597 ms CreateObjectMapping: 0.105130 ms MarkObjects: 2.497530 ms  DeleteObjects: 1.091923 ms)

AssetImportParameters requested are different than current active one (requested -> active):
  custom:graphics/normal-map-encoding: 01000000000000000000000000000000 -> 02000000000000000000000000000000
========================================================================
Received Prepare
Refreshing native plugins compatible for Editor in 3.89 ms, found 3 plugins.
Preloading 0 native plugins for Editor in 0.00 ms.
Unloading 36 Unused Serialized files (Serialized files now loaded: 0)
System memory in use before: 60.8 MB.
System memory in use after: 59.5 MB.

Unloading 36 unused Assets to reduce memory usage. Loaded Objects now: 2707.
Total: 5.455175 ms (FindLiveObjects: 0.211626 ms CreateObjectMapping: 0.098986 ms MarkObjects: 3.799030 ms  DeleteObjects: 1.343826 ms)

AssetImportWorkerClient::OnTransportError - code=2 error=End of file
